0 verbose cli /Users/jakubstadnik/.nvm/versions/node/v18.19.0/bin/node /Users/jakubstadnik/.nvm/versions/node/v18.19.0/lib/node_modules/npm/bin/npm-cli.js
1 info using npm@10.2.3
2 info using node@v18.19.0
3 timing npm:load:whichnode Completed in 2ms
4 timing config:load:defaults Completed in 3ms
5 timing config:load:file:/Users/jakubstadnik/.nvm/versions/node/v18.19.0/lib/node_modules/npm/npmrc Completed in 5ms
6 timing config:load:builtin Completed in 6ms
7 timing config:load:cli Completed in 6ms
8 timing config:load:env Completed in 1ms
9 timing config:load:file:/Users/jakubstadnik/Documents/GitHub/Lachart.2.0/.npmrc Completed in 0ms
10 timing config:load:project Completed in 10ms
11 timing config:load:file:/Users/jakubstadnik/.npmrc Completed in 5ms
12 timing config:load:user Completed in 5ms
13 timing config:load:file:/Users/jakubstadnik/.nvm/versions/node/v18.19.0/etc/npmrc Completed in 0ms
14 timing config:load:global Completed in 0ms
15 timing config:load:setEnvs Completed in 1ms
16 timing config:load Completed in 33ms
17 timing npm:load:configload Completed in 33ms
18 timing config:load:flatten Completed in 8ms
19 timing npm:load:mkdirpcache Completed in 1ms
20 timing npm:load:mkdirplogs Completed in 0ms
21 verbose title npm exec create-expo-app@latest app --template blank-typescript
22 verbose argv "exec" "--yes" "--" "create-expo-app@latest" "app" "--template" "blank-typescript"
23 timing npm:load:setTitle Completed in 11ms
24 timing npm:load:display Completed in 3ms
25 verbose logfile logs-max:10 dir:/Users/jakubstadnik/Documents/GitHub/Lachart.2.0/.npm-cache/_logs/2026-01-02T17_19_25_863Z-
26 verbose logfile /Users/jakubstadnik/Documents/GitHub/Lachart.2.0/.npm-cache/_logs/2026-01-02T17_19_25_863Z-debug-0.log
27 timing npm:load:logFile Completed in 7ms
28 timing npm:load:timers Completed in 0ms
29 timing npm:load:configScope Completed in 0ms
30 timing npm:load Completed in 89ms
31 silly logfile done cleaning log files
32 timing arborist:ctor Completed in 0ms
33 http fetch GET 200 https://registry.npmjs.org/create-expo-app 464ms (cache revalidated)
34 timing arborist:ctor Completed in 0ms
35 timing arborist:ctor Completed in 1ms
36 timing arborist:ctor Completed in 0ms
37 timing command:exec Completed in 1201ms
38 verbose exit 0
39 timing npm Completed in 1457ms
40 info ok
